<?xml version="1.0" encoding="UTF-8"?>
<!-- Generated by org.testng.reporters.JUnitXMLReporter -->
<testsuite ignored="1" hostname="sowmiii" failures="0" tests="3" name="Default test" time="0.618" errors="0" timestamp="2023-03-08T21:17:54 IST">
  <testcase classname="com.testNgReport.Report_Demo" name="Username" time="0.07"/>
  <testcase classname="com.testNgReport.Report_Demo" name="Mobile" time="0.017"/>
  <testcase classname="com.testNgReport.Report_Demo" name="Login" time="0.033"/>
  <testcase classname="com.testNgReport.Report_Demo" name="Mobile1" time="0.0">
    <ignored/>
  </testcase> <!-- Mobile1 -->
</testsuite> <!-- Default test -->
