<?xml version="1.0" encoding="UTF-8"?>
<testng-results ignored="1" total="4" passed="3" failed="0" skipped="0">
  <reporter-output>
  </reporter-output>
  <suite started-at="2023-03-08T21:17:53 IST" name="Default suite" finished-at="2023-03-08T21:17:54 IST" duration-ms="618">
    <groups>
    </groups>
    <test started-at="2023-03-08T21:17:53 IST" name="Default test" finished-at="2023-03-08T21:17:54 IST" duration-ms="618">
      <class name="com.testNgReport.Report_Demo">
        <test-method signature="Username()[pri:-1, instance:com.testNgReport.Report_Demo@16a0ee18]" started-at="2023-03-08T21:17:53 IST" name="Username" finished-at="2023-03-08T21:17:53 IST" duration-ms="70" status="PASS">
          <reporter-output>
          </reporter-output>
        </test-method> <!-- Username -->
        <test-method signature="Mobile()[pri:0, instance:com.testNgReport.Report_Demo@16a0ee18]" started-at="2023-03-08T21:17:53 IST" name="Mobile" finished-at="2023-03-08T21:17:53 IST" duration-ms="17" status="PASS">
          <reporter-output>
          </reporter-output>
        </test-method> <!-- Mobile -->
        <test-method signature="Login()[pri:1, instance:com.testNgReport.Report_Demo@16a0ee18]" started-at="2023-03-08T21:17:54 IST" name="Login" finished-at="2023-03-08T21:17:54 IST" duration-ms="33" status="PASS">
          <reporter-output>
          </reporter-output>
        </test-method> <!-- Login -->
      </class> <!-- com.testNgReport.Report_Demo -->
    </test> <!-- Default test -->
  </suite> <!-- Default suite -->
</testng-results>
